build/outputs/logs/manifest-merger-debug-report.txt
-- Merging decision tree log ---
manifest
ADDED from src\main\AndroidManifest.xml:2:1-168:12
INJECTED from src\main\AndroidManifest.xml:2:1-168:12
INJECTED from src\main\AndroidManifest.xml:2:1-168:12
INJECTED from src\main\AndroidManifest.xml:2:1-168:12
MERGED from [com.android.support:appcompat-v7:21.0.3] AndroidManifest.xml:14:4-17:12
MERGED from [com.android.support.constraint:constraint-layout:1.1.3] AndroidManifest.xml:2:1-11:12
MERGED from [com.android.support:support-v4:21.0.3] AndroidManifest.xml:14:4-17:12
INJECTED from src\main\AndroidManifest.xml:2:1-168:12
INJECTED from src\main\AndroidManifest.xml:2:1-168:12
INJECTED from src\main\AndroidManifest.xml:2:1-168:12
	package
		ADDED from src\main\AndroidManifest.xml:3:5-33
		INJECTED from src\main\AndroidManifest.xml
		INJECTED from src\main\AndroidManifest.xml
	android:versionName
		ADDED from src\main\AndroidManifest.xml:5:5-30
		INJECTED from src\main\AndroidManifest.xml
		INJECTED from src\main\AndroidManifest.xml
	xmlns:android
		ADDED from src\main\AndroidManifest.xml:2:11-69
	android:versionCode
		ADDED from src\main\AndroidManifest.xml:4:5-28
		INJECTED from src\main\AndroidManifest.xml
		INJECTED from src\main\AndroidManifest.xml
uses-sdk
ADDED from src\main\AndroidManifest.xml:7:5-9:41
INJECTED from src\main\AndroidManifest.xml:7:5-9:41
INJECTED from src\main\AndroidManifest.xml:7:5-9:41
MERGED from [com.android.support:appcompat-v7:21.0.3] AndroidManifest.xml:15:5-42
MERGED from [com.android.support:appcompat-v7:21.0.3] AndroidManifest.xml:15:5-42
MERGED from [com.android.support.constraint:constraint-layout:1.1.3] AndroidManifest.xml:5:5-7:41
MERGED from [com.android.support.constraint:constraint-layout:1.1.3] AndroidManifest.xml:5:5-7:41
MERGED from [com.android.support:support-v4:21.0.3] AndroidManifest.xml:15:5-42
MERGED from [com.android.support:support-v4:21.0.3] AndroidManifest.xml:15:5-42
INJECTED from src\main\AndroidManifest.xml:7:5-9:41
INJECTED from src\main\AndroidManifest.xml:7:5-9:41
	android:targetSdkVersion
		ADDED from src\main\AndroidManifest.xml:9:9-38
		INJECTED from src\main\AndroidManifest.xml
		INJECTED from src\main\AndroidManifest.xml
	android:minSdkVersion
		ADDED from src\main\AndroidManifest.xml:8:9-35
		INJECTED from src\main\AndroidManifest.xml
		INJECTED from src\main\AndroidManifest.xml
uses-permission#android.permission.INTERNET
ADDED from src\main\AndroidManifest.xml:11:5-67
	android:name
		ADDED from src\main\AndroidManifest.xml:11:22-64
uses-permission#android.permission.CAMERA
ADDED from src\main\AndroidManifest.xml:12:5-65
	android:name
		ADDED from src\main\AndroidManifest.xml:12:22-62
uses-permission#android.permission.VIBRATE
ADDED from src\main\AndroidManifest.xml:13:5-66
	android:name
		ADDED from src\main\AndroidManifest.xml:13:22-63
uses-permission#android.permission.READ_EXTERNAL_STORAGE
ADDED from src\main\AndroidManifest.xml:14:5-80
	android:name
		ADDED from src\main\AndroidManifest.xml:14:22-77
uses-permission#android.permission.WRITE_EXTERNAL_STORAGE
ADDED from src\main\AndroidManifest.xml:15:5-81
	android:name
		ADDED from src\main\AndroidManifest.xml:15:22-78
uses-permission#android.permission.MOUNT_UNMOUNT_FILESYSTEMS
ADDED from src\main\AndroidManifest.xml:16:5-84
	android:name
		ADDED from src\main\AndroidManifest.xml:16:22-81
uses-permission#android.permission.READ_PHONE_STATE
ADDED from src\main\AndroidManifest.xml:17:5-75
	android:name
		ADDED from src\main\AndroidManifest.xml:17:22-72
application
ADDED from src\main\AndroidManifest.xml:19:5-166:19
MERGED from [com.android.support:appcompat-v7:21.0.3] AndroidManifest.xml:16:5-19
MERGED from [com.android.support:appcompat-v7:21.0.3] AndroidManifest.xml:16:5-19
MERGED from [com.android.support.constraint:constraint-layout:1.1.3] AndroidManifest.xml:9:5-20
MERGED from [com.android.support.constraint:constraint-layout:1.1.3] AndroidManifest.xml:9:5-20
MERGED from [com.android.support:support-v4:21.0.3] AndroidManifest.xml:16:5-19
MERGED from [com.android.support:support-v4:21.0.3] AndroidManifest.xml:16:5-19
	android:label
		ADDED from src\main\AndroidManifest.xml:23:9-41
	android:icon
		ADDED from src\main\AndroidManifest.xml:22:9-40
	android:allowBackup
		ADDED from src\main\AndroidManifest.xml:21:9-35
	android:theme
		ADDED from src\main\AndroidManifest.xml:24:9-40
	android:name
		ADDED from src\main\AndroidManifest.xml:20:9-54
activity#com.example.ydshoa.LoginMainActivity
ADDED from src\main\AndroidManifest.xml:25:9-33:20
	android:label
		ADDED from src\main\AndroidManifest.xml:27:13-45
	android:name
		ADDED from src\main\AndroidManifest.xml:26:13-46
intent-filter#android.intent.action.MAIN+android.intent.category.LAUNCHER
ADDED from src\main\AndroidManifest.xml:28:13-32:29
action#android.intent.action.MAIN
ADDED from src\main\AndroidManifest.xml:29:17-69
	android:name
		ADDED from src\main\AndroidManifest.xml:29:25-66
category#android.intent.category.LAUNCHER
ADDED from src\main\AndroidManifest.xml:31:17-77
	android:name
		ADDED from src\main\AndroidManifest.xml:31:27-74
activity#com.example.ydshoa.RootActivity
ADDED from src\main\AndroidManifest.xml:34:9-36:59
	android:label
		ADDED from src\main\AndroidManifest.xml:36:13-56
	android:name
		ADDED from src\main\AndroidManifest.xml:35:13-41
activity#com.example.ydshoa.MainActivity
ADDED from src\main\AndroidManifest.xml:37:9-39:59
	android:label
		ADDED from src\main\AndroidManifest.xml:39:13-56
	android:name
		ADDED from src\main\AndroidManifest.xml:38:13-41
activity#com.example.ydshoa.NewAccountActivity
ADDED from src\main\AndroidManifest.xml:40:9-42:66
	android:label
		ADDED from src\main\AndroidManifest.xml:42:13-63
	android:name
		ADDED from src\main\AndroidManifest.xml:41:13-47
activity#com.example.ydshoa.SupInfoActivity
ADDED from src\main\AndroidManifest.xml:43:9-45:63
	android:label
		ADDED from src\main\AndroidManifest.xml:45:13-60
	android:name
		ADDED from src\main\AndroidManifest.xml:44:13-44
activity#com.example.ydshoa.RegisterActivity
ADDED from src\main\AndroidManifest.xml:46:9-48:63
	android:label
		ADDED from src\main\AndroidManifest.xml:48:13-60
	android:name
		ADDED from src\main\AndroidManifest.xml:47:13-45
activity#com.example.ydshoa.GetInfoActivity
ADDED from src\main\AndroidManifest.xml:49:9-51:63
	android:label
		ADDED from src\main\AndroidManifest.xml:51:13-60
	android:name
		ADDED from src\main\AndroidManifest.xml:50:13-44
activity#com.example.ydshoa.ErpDepInfoActivity
ADDED from src\main\AndroidManifest.xml:52:9-54:67
	android:label
		ADDED from src\main\AndroidManifest.xml:54:13-64
	android:name
		ADDED from src\main\AndroidManifest.xml:53:13-47
activity#com.example.ydshoa.TestActivity
ADDED from src\main\AndroidManifest.xml:55:9-57:59
	android:label
		ADDED from src\main\AndroidManifest.xml:57:13-56
	android:name
		ADDED from src\main\AndroidManifest.xml:56:13-41
activity#com.example.ydshoa.PostInfoActivity
ADDED from src\main\AndroidManifest.xml:58:9-60:64
	android:label
		ADDED from src\main\AndroidManifest.xml:60:13-61
	android:name
		ADDED from src\main\AndroidManifest.xml:59:13-45
activity#com.example.ydshoa.NewModActivity
ADDED from src\main\AndroidManifest.xml:61:9-63:62
	android:label
		ADDED from src\main\AndroidManifest.xml:63:13-59
	android:name
		ADDED from src\main\AndroidManifest.xml:62:13-43
activity#com.example.ydshoa.ModListActivity
ADDED from src\main\AndroidManifest.xml:64:9-66:63
	android:label
		ADDED from src\main\AndroidManifest.xml:66:13-60
	android:name
		ADDED from src\main\AndroidManifest.xml:65:13-44
activity#com.example.ydshoa.ShowModInfoScrowActivity
ADDED from src\main\AndroidManifest.xml:67:9-69:64
	android:label
		ADDED from src\main\AndroidManifest.xml:69:13-61
	android:name
		ADDED from src\main\AndroidManifest.xml:68:13-53
activity#com.example.ydshoa.ShowQueryInfoActivity
ADDED from src\main\AndroidManifest.xml:70:9-72:70
	android:label
		ADDED from src\main\AndroidManifest.xml:72:13-67
	android:name
		ADDED from src\main\AndroidManifest.xml:71:13-50
activity#com.example.ydshoa.CusterInfoActivity
ADDED from src\main\AndroidManifest.xml:73:9-75:66
	android:label
		ADDED from src\main\AndroidManifest.xml:75:13-63
	android:name
		ADDED from src\main\AndroidManifest.xml:74:13-47
activity#com.example.ydshoa.SysActivity
ADDED from src\main\AndroidManifest.xml:76:9-78:58
	android:label
		ADDED from src\main\AndroidManifest.xml:78:13-55
	android:name
		ADDED from src\main\AndroidManifest.xml:77:13-40
activity#com.example.ydshoa.GetDeviseActivity
ADDED from src\main\AndroidManifest.xml:79:9-81:65
	android:label
		ADDED from src\main\AndroidManifest.xml:81:13-62
	android:name
		ADDED from src\main\AndroidManifest.xml:80:13-46
activity#com.example.zxing.CaptureActivity
ADDED from src\main\AndroidManifest.xml:82:9-70
	android:name
		ADDED from src\main\AndroidManifest.xml:82:19-67
activity#com.example.ydshoa.SetActivity
ADDED from src\main\AndroidManifest.xml:83:9-85:58
	android:label
		ADDED from src\main\AndroidManifest.xml:85:13-55
	android:name
		ADDED from src\main\AndroidManifest.xml:84:13-40
activity#com.example.ydshoa.AccountActivity
ADDED from src\main\AndroidManifest.xml:86:9-88:62
	android:label
		ADDED from src\main\AndroidManifest.xml:88:13-59
	android:name
		ADDED from src\main\AndroidManifest.xml:87:13-44
activity#com.example.ydshoa.ShowModInfoActivity
ADDED from src\main\AndroidManifest.xml:89:9-91:68
	android:label
		ADDED from src\main\AndroidManifest.xml:91:13-65
	android:name
		ADDED from src\main\AndroidManifest.xml:90:13-48
activity#com.example.ydshoa.SalesQueryActivity
ADDED from src\main\AndroidManifest.xml:92:9-94:66
	android:label
		ADDED from src\main\AndroidManifest.xml:94:13-63
	android:name
		ADDED from src\main\AndroidManifest.xml:93:13-47
activity#com.example.ydshoa.UrlSetActivity
ADDED from src\main\AndroidManifest.xml:95:9-97:62
	android:label
		ADDED from src\main\AndroidManifest.xml:97:13-59
	android:name
		ADDED from src\main\AndroidManifest.xml:96:13-43
activity#com.example.ydshoa.DecisionActivity
ADDED from src\main\AndroidManifest.xml:98:9-100:63
	android:label
		ADDED from src\main\AndroidManifest.xml:100:13-60
	android:name
		ADDED from src\main\AndroidManifest.xml:99:13-45
activity#com.example.ydshoa.ConditionActivity
ADDED from src\main\AndroidManifest.xml:101:9-103:64
	android:label
		ADDED from src\main\AndroidManifest.xml:103:13-61
	android:name
		ADDED from src\main\AndroidManifest.xml:102:13-46
activity#com.example.ydshoa.CondicionInfoActivity
ADDED from src\main\AndroidManifest.xml:104:9-106:69
	android:label
		ADDED from src\main\AndroidManifest.xml:106:13-66
	android:name
		ADDED from src\main\AndroidManifest.xml:105:13-50
activity#com.example.ydshoa.SalesManageActivity
ADDED from src\main\AndroidManifest.xml:107:9-109:67
	android:label
		ADDED from src\main\AndroidManifest.xml:109:13-64
	android:name
		ADDED from src\main\AndroidManifest.xml:108:13-48
activity#com.example.ydshoa.GetSaleNumActivity
ADDED from src\main\AndroidManifest.xml:110:9-112:67
	android:label
		ADDED from src\main\AndroidManifest.xml:112:13-64
	android:name
		ADDED from src\main\AndroidManifest.xml:111:13-47
activity#com.example.ydshoa.ShowSalSubActivity
ADDED from src\main\AndroidManifest.xml:113:9-115:67
	android:label
		ADDED from src\main\AndroidManifest.xml:115:13-64
	android:name
		ADDED from src\main\AndroidManifest.xml:114:13-47
activity#com.example.ydshoa.SalesNumActivity
ADDED from src\main\AndroidManifest.xml:116:9-118:64
	android:label
		ADDED from src\main\AndroidManifest.xml:118:13-61
	android:name
		ADDED from src\main\AndroidManifest.xml:117:13-45
activity#com.example.ydshoa.SmrtActivity
ADDED from src\main\AndroidManifest.xml:119:9-121:59
	android:label
		ADDED from src\main\AndroidManifest.xml:121:13-56
	android:name
		ADDED from src\main\AndroidManifest.xml:120:13-41
activity#com.example.ydshoa.SpActivity
ADDED from src\main\AndroidManifest.xml:122:9-124:58
	android:label
		ADDED from src\main\AndroidManifest.xml:124:13-55
	android:name
		ADDED from src\main\AndroidManifest.xml:123:13-39
activity#com.example.ydshoa.OutInfoActivity
ADDED from src\main\AndroidManifest.xml:125:9-127:63
	android:label
		ADDED from src\main\AndroidManifest.xml:127:13-60
	android:name
		ADDED from src\main\AndroidManifest.xml:126:13-44
activity#com.example.ydshoa.SalesQueryTwoActivity
ADDED from src\main\AndroidManifest.xml:128:9-131:53
	android:screenOrientation
		ADDED from src\main\AndroidManifest.xml:131:13-50
	android:label
		ADDED from src\main\AndroidManifest.xml:130:13-67
	android:name
		ADDED from src\main\AndroidManifest.xml:129:13-50
activity#com.example.ydshoa.PriceActivity
ADDED from src\main\AndroidManifest.xml:132:9-134:55
	android:windowSoftInputMode
		ADDED from src\main\AndroidManifest.xml:134:13-52
	android:name
		ADDED from src\main\AndroidManifest.xml:133:13-42
activity#com.example.ydshoa.BrandNumActivity
ADDED from src\main\AndroidManifest.xml:135:9-54
	android:name
		ADDED from src\main\AndroidManifest.xml:135:19-51
meta-data#UMENG_APPKEY
ADDED from src\main\AndroidManifest.xml:137:9-139:56
	android:value
		ADDED from src\main\AndroidManifest.xml:139:13-53
	android:name
		ADDED from src\main\AndroidManifest.xml:138:13-40
meta-data#UMENG_MESSAGE_SECRET
ADDED from src\main\AndroidManifest.xml:141:9-143:64
	android:value
		ADDED from src\main\AndroidManifest.xml:143:13-61
	android:name
		ADDED from src\main\AndroidManifest.xml:142:13-48
meta-data#UMENG_CHANNEL
ADDED from src\main\AndroidManifest.xml:144:9-146:42
	android:value
		ADDED from src\main\AndroidManifest.xml:146:13-39
	android:name
		ADDED from src\main\AndroidManifest.xml:145:13-41
activity#com.example.ydshoa.WelcomeActivity
ADDED from src\main\AndroidManifest.xml:148:9-53
	android:name
		ADDED from src\main\AndroidManifest.xml:148:19-50
activity#com.example.ydshoa.PriceOutActivity
ADDED from src\main\AndroidManifest.xml:149:9-54
	android:name
		ADDED from src\main\AndroidManifest.xml:149:19-51
activity#com.example.ydshoa.FormActivity
ADDED from src\main\AndroidManifest.xml:150:9-50
	android:name
		ADDED from src\main\AndroidManifest.xml:150:19-47
activity#com.example.ydshoa.AddMoreActivity
ADDED from src\main\AndroidManifest.xml:151:9-153:55
	android:windowSoftInputMode
		ADDED from src\main\AndroidManifest.xml:153:13-52
	android:name
		ADDED from src\main\AndroidManifest.xml:152:13-44
activity#com.example.ydshoa.DesignerActivity
ADDED from src\main\AndroidManifest.xml:154:9-54
	android:name
		ADDED from src\main\AndroidManifest.xml:154:19-51
activity#com.example.ydshoa.VipClassActivity
ADDED from src\main\AndroidManifest.xml:155:9-54
	android:name
		ADDED from src\main\AndroidManifest.xml:155:19-51
activity#com.example.ydshoa.VipDoAllActivity
ADDED from src\main\AndroidManifest.xml:156:9-54
	android:name
		ADDED from src\main\AndroidManifest.xml:156:19-51
activity#com.example.ydshoa.LocalInfosActivity
ADDED from src\main\AndroidManifest.xml:157:9-56
	android:name
		ADDED from src\main\AndroidManifest.xml:157:19-53
activity#com.example.ydshoa.QueryDesigActivity
ADDED from src\main\AndroidManifest.xml:158:9-56
	android:name
		ADDED from src\main\AndroidManifest.xml:158:19-53
activity#com.example.ydshoa.CustersAllActivity
ADDED from src\main\AndroidManifest.xml:159:9-56
	android:name
		ADDED from src\main\AndroidManifest.xml:159:19-53
activity#com.example.ydshoa.ModeInfoActivity
ADDED from src\main\AndroidManifest.xml:160:9-54
	android:name
		ADDED from src\main\AndroidManifest.xml:160:19-51
activity#com.example.ydshoa.MoveAllInfoActivity
ADDED from src\main\AndroidManifest.xml:161:9-57
	android:name
		ADDED from src\main\AndroidManifest.xml:161:19-54
activity#com.example.ydshoa.QueryCustersActivity
ADDED from src\main\AndroidManifest.xml:162:9-58
	android:name
		ADDED from src\main\AndroidManifest.xml:162:19-55
activity#com.example.ydshoa.SalesNum_ARPActivity
ADDED from src\main\AndroidManifest.xml:163:9-58
	android:name
		ADDED from src\main\AndroidManifest.xml:163:19-55
activity#com.example.ydshoa.SalesQueryArpActivity
ADDED from src\main\AndroidManifest.xml:164:9-59
	android:name
		ADDED from src\main\AndroidManifest.xml:164:19-56
activity#com.example.ydshoa.ArpOutActivity
ADDED from src\main\AndroidManifest.xml:165:9-61
	android:name
		ADDED from src\main\AndroidManifest.xml:165:19-49